<?xml version="1.0" encoding="UTF-8"?>
<!-- Generated by org.testng.reporters.JUnitXMLReporter -->
<testsuite hostname="DESKTOP-KJDI7QK" ignored="0" name="BankingApp Test" tests="1" failures="1" timestamp="2020-05-07T21:44:56 EDT" time="15.974" errors="0">
  <testcase name="loginTest" time="2.667" classname="com.netbank.TestCases.TC_LoginTest_001">
    <failure type="java.lang.AssertionError" message="did not expect to find [true] but found [false]">
      <![CDATA[java.lang.AssertionError: did not expect to find [true] but found [false]
at com.netbank.TestCases.TC_LoginTest_001.loginTest(TC_LoginTest_001.java:31)
at java.util.ArrayList.forEach(Unknown Source)
... Removed 31 stack frames]]>
    </failure>
  </testcase> <!-- loginTest -->
</testsuite> <!-- BankingApp Test -->
